moneymanagerpro2/manifest-merger-old-release-report.txt
-- Merging decision tree log ---
manifest
ADDED from AndroidManifest.xml:2:1
	xmlns:android
		ADDED from AndroidManifest.xml:2:11
	package
		ADDED from AndroidManifest.xml:3:5
		INJECTED from AndroidManifest.xml:0:0
		INJECTED from AndroidManifest.xml:0:0
	android:versionName
		INJECTED from AndroidManifest.xml:0:0
		INJECTED from AndroidManifest.xml:0:0
	android:versionCode
		INJECTED from AndroidManifest.xml:0:0
		INJECTED from AndroidManifest.xml:0:0
	android:installLocation
		ADDED from AndroidManifest.xml:4:5
uses-permission#android.permission.WRITE_EXTERNAL_STORAGE
ADDED from AndroidManifest.xml:12:5
	android:name
		ADDED from AndroidManifest.xml:12:22
uses-permission#android.permission.INTERNET
ADDED from AndroidManifest.xml:13:5
	android:name
		ADDED from AndroidManifest.xml:13:22
uses-permission#android.permission.ACCESS_NETWORK_STATE
ADDED from AndroidManifest.xml:14:5
	android:name
		ADDED from AndroidManifest.xml:14:22
uses-permission#android.permission.READ_PHONE_STATE
ADDED from AndroidManifest.xml:15:5
	android:name
		ADDED from AndroidManifest.xml:15:22
uses-permission#com.android.vending.CHECK_LICENSE
ADDED from AndroidManifest.xml:16:5
	android:name
		ADDED from AndroidManifest.xml:16:22
supports-screens
ADDED from AndroidManifest.xml:19:5
	android:largeScreens
		ADDED from AndroidManifest.xml:21:9
	android:xlargeScreens
		ADDED from AndroidManifest.xml:22:9
	android:smallScreens
		ADDED from AndroidManifest.xml:20:9
application
ADDED from AndroidManifest.xml:24:5
MERGED from MoneyManager2:mmlibrary:unspecified:11:5
MERGED from com.android.support:appcompat-v7:19.1.0:19:5
	android:allowBackup
		ADDED from MoneyManager2:mmlibrary:unspecified:12:9
	android:label
		ADDED from AndroidManifest.xml:27:9
	android:icon
		ADDED from AndroidManifest.xml:26:9
	android:name
		ADDED from AndroidManifest.xml:25:9
activity#com.jgmoneymanager.main.MainScreen
ADDED from AndroidManifest.xml:28:9
	android:label
		ADDED from AndroidManifest.xml:31:13
	android:configChanges
		ADDED from AndroidManifest.xml:30:13
	android:theme
		ADDED from AndroidManifest.xml:32:13
	android:name
		ADDED from AndroidManifest.xml:29:13
intent-filter#android.intent.action.MAIN+android.intent.category.LAUNCHER
ADDED from AndroidManifest.xml:33:13
action#android.intent.action.MAIN
ADDED from AndroidManifest.xml:34:17
	android:name
		ADDED from AndroidManifest.xml:34:25
category#android.intent.category.LAUNCHER
ADDED from AndroidManifest.xml:36:17
	android:name
		ADDED from AndroidManifest.xml:36:27
activity#com.jgmoneymanager.main.CurrencyList
ADDED from AndroidManifest.xml:39:9
	android:theme
		ADDED from AndroidManifest.xml:41:13
	android:name
		ADDED from AndroidManifest.xml:40:13
intent-filter#android.intent.category.DEFAULT+com.jgmoneymanager.intent.action.CURRENCYLIST
ADDED from AndroidManifest.xml:42:13
action#com.jgmoneymanager.intent.action.CURRENCYLIST
ADDED from AndroidManifest.xml:43:17
	android:name
		ADDED from AndroidManifest.xml:43:25
category#android.intent.category.DEFAULT
ADDED from AndroidManifest.xml:45:17
	android:name
		ADDED from AndroidManifest.xml:45:27
activity#com.jgmoneymanager.main.CurrencyEdit
ADDED from AndroidManifest.xml:48:9
	android:configChanges
		ADDED from AndroidManifest.xml:50:13
	android:theme
		ADDED from AndroidManifest.xml:51:13
	android:name
		ADDED from AndroidManifest.xml:49:13
intent-filter#android.intent.category.DEFAULT+com.jgmoneymanager.intent.action.CURRENCYEDIT
ADDED from AndroidManifest.xml:52:13
action#com.jgmoneymanager.intent.action.CURRENCYEDIT
ADDED from AndroidManifest.xml:53:17
	android:name
		ADDED from AndroidManifest.xml:53:25
activity#com.jgmoneymanager.main.AccountList
ADDED from AndroidManifest.xml:58:9
	android:label
		ADDED from AndroidManifest.xml:60:13
	android:theme
		ADDED from AndroidManifest.xml:61:13
	android:name
		ADDED from AndroidManifest.xml:59:13
intent-filter#android.intent.category.DEFAULT+com.jgmoneymanager.intent.action.ACCOUNTLIST
ADDED from AndroidManifest.xml:62:13
action#com.jgmoneymanager.intent.action.ACCOUNTLIST
ADDED from AndroidManifest.xml:63:17
	android:name
		ADDED from AndroidManifest.xml:63:25
activity#com.jgmoneymanager.main.AccountSort
ADDED from AndroidManifest.xml:68:9
	android:label
		ADDED from AndroidManifest.xml:70:13
	android:theme
		ADDED from AndroidManifest.xml:71:13
	android:name
		ADDED from AndroidManifest.xml:69:13
intent-filter#android.intent.category.DEFAULT+com.jgmoneymanager.intent.action.ACCOUNTSORT
ADDED from AndroidManifest.xml:72:13
action#com.jgmoneymanager.intent.action.ACCOUNTSORT
ADDED from AndroidManifest.xml:73:17
	android:name
		ADDED from AndroidManifest.xml:73:25
activity#com.jgmoneymanager.main.AccountEdit
ADDED from AndroidManifest.xml:78:9
	android:configChanges
		ADDED from AndroidManifest.xml:80:13
	android:theme
		ADDED from AndroidManifest.xml:81:13
	android:name
		ADDED from AndroidManifest.xml:79:13
intent-filter#android.intent.category.DEFAULT+com.jgmoneymanager.intent.action.ACCOUNTEDIT
ADDED from AndroidManifest.xml:82:13
action#com.jgmoneymanager.intent.action.ACCOUNTEDIT
ADDED from AndroidManifest.xml:83:17
	android:name
		ADDED from AndroidManifest.xml:83:25
activity#com.jgmoneymanager.main.CurrRatesList
ADDED from AndroidManifest.xml:88:9
	android:theme
		ADDED from AndroidManifest.xml:90:13
	android:name
		ADDED from AndroidManifest.xml:89:13
intent-filter#android.intent.category.DEFAULT+com.jgmoneymanager.intent.action.CURRRATESLIST
ADDED from AndroidManifest.xml:91:13
action#com.jgmoneymanager.intent.action.CURRRATESLIST
ADDED from AndroidManifest.xml:92:17
	android:name
		ADDED from AndroidManifest.xml:92:25
activity#com.jgmoneymanager.main.CurrRatesEdit
ADDED from AndroidManifest.xml:97:9
	android:label
		ADDED from AndroidManifest.xml:100:13
	android:configChanges
		ADDED from AndroidManifest.xml:99:13
	android:theme
		ADDED from AndroidManifest.xml:101:13
	android:name
		ADDED from AndroidManifest.xml:98:13
intent-filter#android.intent.category.DEFAULT+com.jgmoneymanager.intent.action.CURRRATESEDIT
ADDED from AndroidManifest.xml:102:13
action#com.jgmoneymanager.intent.action.CURRRATESEDIT
ADDED from AndroidManifest.xml:103:17
	android:name
		ADDED from AndroidManifest.xml:103:25
activity#com.jgmoneymanager.main.CategoryListForExpense
ADDED from AndroidManifest.xml:108:9
	android:theme
		ADDED from AndroidManifest.xml:110:13
	android:name
		ADDED from AndroidManifest.xml:109:13
intent-filter#android.intent.category.DEFAULT+com.jgmoneymanager.intent.action.CATEGORYLISTFOREXPENSE
ADDED from AndroidManifest.xml:111:13
action#com.jgmoneymanager.intent.action.CATEGORYLISTFOREXPENSE
ADDED from AndroidManifest.xml:112:17
	android:name
		ADDED from AndroidManifest.xml:112:25
activity#com.jgmoneymanager.main.CategoryListForIncome
ADDED from AndroidManifest.xml:117:9
	android:theme
		ADDED from AndroidManifest.xml:119:13
	android:name
		ADDED from AndroidManifest.xml:118:13
intent-filter#android.intent.category.DEFAULT+com.jgmoneymanager.intent.action.CATEGORYLISTFORINCOME
ADDED from AndroidManifest.xml:120:13
action#com.jgmoneymanager.intent.action.CATEGORYLISTFORINCOME
ADDED from AndroidManifest.xml:121:17
	android:name
		ADDED from AndroidManifest.xml:121:25
activity#com.jgmoneymanager.main.CategoryFilter
ADDED from AndroidManifest.xml:126:9
	android:label
		ADDED from AndroidManifest.xml:128:13
	android:theme
		ADDED from AndroidManifest.xml:129:13
	android:name
		ADDED from AndroidManifest.xml:127:13
intent-filter#android.intent.category.DEFAULT+com.jgmoneymanager.intent.action.CATEGORYFILTER
ADDED from AndroidManifest.xml:130:13
action#com.jgmoneymanager.intent.action.CATEGORYFILTER
ADDED from AndroidManifest.xml:131:17
	android:name
		ADDED from AndroidManifest.xml:131:25
activity#com.jgmoneymanager.main.TransactionList
ADDED from AndroidManifest.xml:136:9
	android:label
		ADDED from AndroidManifest.xml:138:13
	android:theme
		ADDED from AndroidManifest.xml:139:13
	android:name
		ADDED from AndroidManifest.xml:137:13
intent-filter#android.intent.category.DEFAULT+com.jgmoneymanager.intent.action.TRANSACTIONLIST
ADDED from AndroidManifest.xml:140:13
action#com.jgmoneymanager.intent.action.TRANSACTIONLIST
ADDED from AndroidManifest.xml:141:17
	android:name
		ADDED from AndroidManifest.xml:141:25
activity#com.jgmoneymanager.main.TransactionEdit
ADDED from AndroidManifest.xml:146:9
	android:label
		ADDED from AndroidManifest.xml:149:13
	android:configChanges
		ADDED from AndroidManifest.xml:148:13
	android:theme
		ADDED from AndroidManifest.xml:150:13
	android:name
		ADDED from AndroidManifest.xml:147:13
intent-filter#android.intent.category.DEFAULT+com.jgmoneymanager.intent.action.TRANSACTIONEDIT
ADDED from AndroidManifest.xml:151:13
action#com.jgmoneymanager.intent.action.TRANSACTIONEDIT
ADDED from AndroidManifest.xml:152:17
	android:name
		ADDED from AndroidManifest.xml:152:25
activity#com.jgmoneymanager.main.TransferList
ADDED from AndroidManifest.xml:157:9
	android:label
		ADDED from AndroidManifest.xml:159:13
	android:theme
		ADDED from AndroidManifest.xml:160:13
	android:name
		ADDED from AndroidManifest.xml:158:13
intent-filter#android.intent.category.DEFAULT+com.jgmoneymanager.intent.action.TRANSFERLIST
ADDED from AndroidManifest.xml:161:13
action#com.jgmoneymanager.intent.action.TRANSFERLIST
ADDED from AndroidManifest.xml:162:17
	android:name
		ADDED from AndroidManifest.xml:162:25
activity#com.jgmoneymanager.main.TransferEdit
ADDED from AndroidManifest.xml:167:9
	android:label
		ADDED from AndroidManifest.xml:170:13
	android:configChanges
		ADDED from AndroidManifest.xml:169:13
	android:theme
		ADDED from AndroidManifest.xml:171:13
	android:name
		ADDED from AndroidManifest.xml:168:13
intent-filter#android.intent.category.DEFAULT+com.jgmoneymanager.intent.action.TRANSFEREDIT
ADDED from AndroidManifest.xml:172:13
action#com.jgmoneymanager.intent.action.TRANSFEREDIT
ADDED from AndroidManifest.xml:173:17
	android:name
		ADDED from AndroidManifest.xml:173:25
activity#com.jgmoneymanager.main.RPTransactionEdit
ADDED from AndroidManifest.xml:178:9
	android:configChanges
		ADDED from AndroidManifest.xml:180:13
	android:theme
		ADDED from AndroidManifest.xml:181:13
	android:name
		ADDED from AndroidManifest.xml:179:13
intent-filter#android.intent.category.DEFAULT+com.jgmoneymanager.intent.action.RPTRANSACTIONEDIT
ADDED from AndroidManifest.xml:182:13
action#com.jgmoneymanager.intent.action.RPTRANSACTIONEDIT
ADDED from AndroidManifest.xml:183:17
	android:name
		ADDED from AndroidManifest.xml:183:25
activity#com.jgmoneymanager.main.RPTransactionList
ADDED from AndroidManifest.xml:188:9
	android:label
		ADDED from AndroidManifest.xml:190:13
	android:theme
		ADDED from AndroidManifest.xml:191:13
	android:name
		ADDED from AndroidManifest.xml:189:13
activity#com.jgmoneymanager.main.DebtsList
ADDED from AndroidManifest.xml:198:9
	android:theme
		ADDED from AndroidManifest.xml:200:13
	android:name
		ADDED from AndroidManifest.xml:199:13
intent-filter#android.intent.category.DEFAULT+com.jgmoneymanager.intent.action.DEBTSLIST
ADDED from AndroidManifest.xml:201:13
action#com.jgmoneymanager.intent.action.DEBTSLIST
ADDED from AndroidManifest.xml:202:17
	android:name
		ADDED from AndroidManifest.xml:202:25
activity#com.jgmoneymanager.main.DebtsEdit
ADDED from AndroidManifest.xml:207:9
	android:theme
		ADDED from AndroidManifest.xml:209:13
	android:name
		ADDED from AndroidManifest.xml:208:13
intent-filter#android.intent.category.DEFAULT+com.jgmoneymanager.intent.action.DEBTSEDIT
ADDED from AndroidManifest.xml:210:13
action#com.jgmoneymanager.intent.action.DEBTSEDIT
ADDED from AndroidManifest.xml:211:17
	android:name
		ADDED from AndroidManifest.xml:211:25
activity#com.jgmoneymanager.budget.BudgetMain
ADDED from AndroidManifest.xml:216:9
	android:theme
		ADDED from AndroidManifest.xml:218:13
	android:name
		ADDED from AndroidManifest.xml:217:13
intent-filter#android.intent.category.DEFAULT+com.jgmoneymanager.intent.action.BUDGETLIST
ADDED from AndroidManifest.xml:219:13
action#com.jgmoneymanager.intent.action.BUDGETLIST
ADDED from AndroidManifest.xml:220:17
	android:name
		ADDED from AndroidManifest.xml:220:25
activity#com.jgmoneymanager.main.TransactionFilter
ADDED from AndroidManifest.xml:225:9
	android:label
		ADDED from AndroidManifest.xml:227:13
	android:theme
		ADDED from AndroidManifest.xml:228:13
	android:name
		ADDED from AndroidManifest.xml:226:13
intent-filter#android.intent.category.DEFAULT+com.jgmoneymanager.intent.action.TRANSACTIONFILTER
ADDED from AndroidManifest.xml:229:13
action#com.jgmoneymanager.intent.action.TRANSACTIONFILTER
ADDED from AndroidManifest.xml:230:17
	android:name
		ADDED from AndroidManifest.xml:230:25
activity#com.jgmoneymanager.dialogs.ChooseFileDialog
ADDED from AndroidManifest.xml:235:9
	android:label
		ADDED from AndroidManifest.xml:237:13
	android:theme
		ADDED from AndroidManifest.xml:238:13
	android:name
		ADDED from AndroidManifest.xml:236:13
intent-filter#android.intent.category.DEFAULT+com.jgmoneymanager.intent.action.CHOOSEFILEDIALOG
ADDED from AndroidManifest.xml:239:13
action#com.jgmoneymanager.intent.action.CHOOSEFILEDIALOG
ADDED from AndroidManifest.xml:240:17
	android:name
		ADDED from AndroidManifest.xml:240:25
activity#com.jgmoneymanager.dialogs.SetPassword
ADDED from AndroidManifest.xml:245:9
	android:label
		ADDED from AndroidManifest.xml:247:13
	android:theme
		ADDED from AndroidManifest.xml:248:13
	android:name
		ADDED from AndroidManifest.xml:246:13
intent-filter#android.intent.category.DEFAULT+com.jgmoneymanager.intent.action.ADDPASSWORD
ADDED from AndroidManifest.xml:249:13
action#com.jgmoneymanager.intent.action.ADDPASSWORD
ADDED from AndroidManifest.xml:250:17
	android:name
		ADDED from AndroidManifest.xml:250:25
activity#com.jgmoneymanager.dialogs.StartupPassword2
ADDED from AndroidManifest.xml:255:9
	android:label
		ADDED from AndroidManifest.xml:257:13
	android:theme
		ADDED from AndroidManifest.xml:258:13
	android:name
		ADDED from AndroidManifest.xml:256:13
intent-filter#android.intent.category.DEFAULT+com.jgmoneymanager.intent.action.STARTUPPASSWORD
ADDED from AndroidManifest.xml:259:13
action#com.jgmoneymanager.intent.action.STARTUPPASSWORD
ADDED from AndroidManifest.xml:260:17
	android:name
		ADDED from AndroidManifest.xml:260:25
activity#com.jgmoneymanager.dialogs.SecurityQuestion
ADDED from AndroidManifest.xml:265:9
	android:label
		ADDED from AndroidManifest.xml:267:13
	android:theme
		ADDED from AndroidManifest.xml:268:13
	android:name
		ADDED from AndroidManifest.xml:266:13
intent-filter#android.intent.category.DEFAULT+com.jgmoneymanager.intent.action.SECURITYQUESTION
ADDED from AndroidManifest.xml:269:13
action#com.jgmoneymanager.intent.action.SECURITYQUESTION
ADDED from AndroidManifest.xml:270:17
	android:name
		ADDED from AndroidManifest.xml:270:25
activity#com.jgmoneymanager.main.Calculator
ADDED from AndroidManifest.xml:275:9
	android:label
		ADDED from AndroidManifest.xml:278:13
	android:configChanges
		ADDED from AndroidManifest.xml:277:13
	android:theme
		ADDED from AndroidManifest.xml:279:13
	android:name
		ADDED from AndroidManifest.xml:276:13
intent-filter#android.intent.category.DEFAULT+com.jgmoneymanager.intent.action.CALCULATOR
ADDED from AndroidManifest.xml:280:13
action#com.jgmoneymanager.intent.action.CALCULATOR
ADDED from AndroidManifest.xml:281:17
	android:name
		ADDED from AndroidManifest.xml:281:25
activity#com.jgmoneymanager.main.Convertor
ADDED from AndroidManifest.xml:286:9
	android:label
		ADDED from AndroidManifest.xml:289:13
	android:configChanges
		ADDED from AndroidManifest.xml:288:13
	android:theme
		ADDED from AndroidManifest.xml:290:13
	android:name
		ADDED from AndroidManifest.xml:287:13
intent-filter#android.intent.category.DEFAULT+com.jgmoneymanager.intent.action.CONVERTOR
ADDED from AndroidManifest.xml:291:13
action#com.jgmoneymanager.intent.action.CONVERTOR
ADDED from AndroidManifest.xml:292:17
	android:name
		ADDED from AndroidManifest.xml:292:25
activity#com.jgmoneymanager.main.FileExplorer
ADDED from AndroidManifest.xml:297:9
	android:label
		ADDED from AndroidManifest.xml:300:13
	android:configChanges
		ADDED from AndroidManifest.xml:299:13
	android:theme
		ADDED from AndroidManifest.xml:301:13
	android:name
		ADDED from AndroidManifest.xml:298:13
intent-filter#android.intent.category.DEFAULT+com.jgmoneymanager.intent.action.FILEEXPLORER
ADDED from AndroidManifest.xml:302:13
action#com.jgmoneymanager.intent.action.FILEEXPLORER
ADDED from AndroidManifest.xml:303:17
	android:name
		ADDED from AndroidManifest.xml:303:25
activity#com.jgmoneymanager.reports.ReportList
ADDED from AndroidManifest.xml:308:9
	android:label
		ADDED from AndroidManifest.xml:310:13
	android:theme
		ADDED from AndroidManifest.xml:311:13
	android:name
		ADDED from AndroidManifest.xml:309:13
intent-filter#android.intent.category.DEFAULT+com.jgmoneymanager.intent.action.REPORTLIST
ADDED from AndroidManifest.xml:312:13
action#com.jgmoneymanager.intent.action.REPORTLIST
ADDED from AndroidManifest.xml:313:17
	android:name
		ADDED from AndroidManifest.xml:313:25
activity#com.jgmoneymanager.reports.ListReport
ADDED from AndroidManifest.xml:318:9
	android:configChanges
		ADDED from AndroidManifest.xml:320:13
	android:theme
		ADDED from AndroidManifest.xml:321:13
	android:name
		ADDED from AndroidManifest.xml:319:13
intent-filter#android.intent.category.DEFAULT+com.jgmoneymanager.intent.action.ACCOUNTREPORT
ADDED from AndroidManifest.xml:322:13
action#com.jgmoneymanager.intent.action.ACCOUNTREPORT
ADDED from AndroidManifest.xml:323:17
	android:name
		ADDED from AndroidManifest.xml:323:25
activity#com.jgmoneymanager.reports.BudgetGrowthByCategories
ADDED from AndroidManifest.xml:328:9
	android:configChanges
		ADDED from AndroidManifest.xml:330:13
	android:theme
		ADDED from AndroidManifest.xml:331:13
	android:name
		ADDED from AndroidManifest.xml:329:13
intent-filter#android.intent.category.DEFAULT+com.jgmoneymanager.intent.action.BUDGETGROWTHBYCATEGORIES
ADDED from AndroidManifest.xml:332:13
action#com.jgmoneymanager.intent.action.BUDGETGROWTHBYCATEGORIES
ADDED from AndroidManifest.xml:333:17
	android:name
		ADDED from AndroidManifest.xml:333:25
activity#com.jgmoneymanager.reports.BudgetGrowthsTotal
ADDED from AndroidManifest.xml:338:9
	android:configChanges
		ADDED from AndroidManifest.xml:340:13
	android:theme
		ADDED from AndroidManifest.xml:341:13
	android:name
		ADDED from AndroidManifest.xml:339:13
intent-filter#android.intent.category.DEFAULT+com.jgmoneymanager.intent.action.BUDGETGROWTHTOTAL
ADDED from AndroidManifest.xml:342:13
action#com.jgmoneymanager.intent.action.BUDGETGROWTHTOTAL
ADDED from AndroidManifest.xml:343:17
	android:name
		ADDED from AndroidManifest.xml:343:25
activity#com.jgmoneymanager.reports.BudgetedAmountByCategories
ADDED from AndroidManifest.xml:348:9
	android:configChanges
		ADDED from AndroidManifest.xml:350:13
	android:theme
		ADDED from AndroidManifest.xml:351:13
	android:name
		ADDED from AndroidManifest.xml:349:13
intent-filter#android.intent.category.DEFAULT+com.jgmoneymanager.intent.action.BudgetedAmountByCategories
ADDED from AndroidManifest.xml:352:13
action#com.jgmoneymanager.intent.action.BudgetedAmountByCategories
ADDED from AndroidManifest.xml:353:17
	android:name
		ADDED from AndroidManifest.xml:353:25
activity#com.jgmoneymanager.reports.BudgetedAmountTotal
ADDED from AndroidManifest.xml:358:9
	android:configChanges
		ADDED from AndroidManifest.xml:360:13
	android:theme
		ADDED from AndroidManifest.xml:361:13
	android:name
		ADDED from AndroidManifest.xml:359:13
intent-filter#android.intent.category.DEFAULT+com.jgmoneymanager.intent.action.BudgetedAmountTotal
ADDED from AndroidManifest.xml:362:13
action#com.jgmoneymanager.intent.action.BudgetedAmountTotal
ADDED from AndroidManifest.xml:363:17
	android:name
		ADDED from AndroidManifest.xml:363:25
activity#com.jgmoneymanager.main.TransactionStatusList
ADDED from AndroidManifest.xml:368:9
	android:configChanges
		ADDED from AndroidManifest.xml:370:13
	android:theme
		ADDED from AndroidManifest.xml:371:13
	android:name
		ADDED from AndroidManifest.xml:369:13
intent-filter#android.intent.category.DEFAULT+com.jgmoneymanager.intent.action.TransactionStatusList
ADDED from AndroidManifest.xml:372:13
action#com.jgmoneymanager.intent.action.TransactionStatusList
ADDED from AndroidManifest.xml:373:17
	android:name
		ADDED from AndroidManifest.xml:373:25
activity#com.jgmoneymanager.reports.SubCategoryReport
ADDED from AndroidManifest.xml:378:9
	android:configChanges
		ADDED from AndroidManifest.xml:380:13
	android:theme
		ADDED from AndroidManifest.xml:381:13
	android:name
		ADDED from AndroidManifest.xml:379:13
intent-filter#android.intent.category.DEFAULT+com.jgmoneymanager.intent.action.SUBCATEGORYREPORT
ADDED from AndroidManifest.xml:382:13
action#com.jgmoneymanager.intent.action.SUBCATEGORYREPORT
ADDED from AndroidManifest.xml:383:17
	android:name
		ADDED from AndroidManifest.xml:383:25
activity#com.jgmoneymanager.reports.PieChartReport
ADDED from AndroidManifest.xml:388:9
	android:configChanges
		ADDED from AndroidManifest.xml:390:13
	android:theme
		ADDED from AndroidManifest.xml:391:13
	android:name
		ADDED from AndroidManifest.xml:389:13
intent-filter#android.intent.category.DEFAULT+com.jgmoneymanager.intent.action.PIECHARTREPORT
ADDED from AndroidManifest.xml:392:13
action#com.jgmoneymanager.intent.action.PIECHARTREPORT
ADDED from AndroidManifest.xml:393:17
	android:name
		ADDED from AndroidManifest.xml:393:25
activity#com.jgmoneymanager.reports.BarChartReport
ADDED from AndroidManifest.xml:398:9
	android:configChanges
		ADDED from AndroidManifest.xml:400:13
	android:theme
		ADDED from AndroidManifest.xml:401:13
	android:name
		ADDED from AndroidManifest.xml:399:13
intent-filter#android.intent.category.DEFAULT+com.jgmoneymanager.intent.action.BARCHARTREPORT
ADDED from AndroidManifest.xml:402:13
action#com.jgmoneymanager.intent.action.BARCHARTREPORT
ADDED from AndroidManifest.xml:403:17
	android:name
		ADDED from AndroidManifest.xml:403:25
activity#com.jgmoneymanager.main.SettingsMain
ADDED from AndroidManifest.xml:408:9
	android:label
		ADDED from AndroidManifest.xml:410:13
	android:theme
		ADDED from AndroidManifest.xml:411:13
	android:name
		ADDED from AndroidManifest.xml:409:13
intent-filter#android.intent.category.PREFERENCE+com.jgmoneymanager.intent.action.SETTINGSSCREEN
ADDED from AndroidManifest.xml:412:13
action#com.jgmoneymanager.intent.action.SETTINGSSCREEN
ADDED from AndroidManifest.xml:413:17
	android:name
		ADDED from AndroidManifest.xml:413:25
category#android.intent.category.PREFERENCE
ADDED from AndroidManifest.xml:415:17
	android:name
		ADDED from AndroidManifest.xml:415:27
activity#com.google.ads.AdActivity
ADDED from AndroidManifest.xml:418:9
	android:configChanges
		ADDED from AndroidManifest.xml:420:13
	android:name
		ADDED from AndroidManifest.xml:419:13
activity#com.dropbox.client2.android.AuthActivity
ADDED from AndroidManifest.xml:421:9
	android:configChanges
		ADDED from AndroidManifest.xml:423:13
	android:name
		ADDED from AndroidManifest.xml:422:13
	android:launchMode
		ADDED from AndroidManifest.xml:424:13
intent-filter#android.intent.action.VIEW+android.intent.category.BROWSABLE+android.intent.category.DEFAULT
ADDED from AndroidManifest.xml:425:13
data
ADDED from AndroidManifest.xml:426:17
	android:scheme
		ADDED from AndroidManifest.xml:426:23
action#android.intent.action.VIEW
ADDED from AndroidManifest.xml:428:17
	android:name
		ADDED from AndroidManifest.xml:428:25
category#android.intent.category.BROWSABLE
ADDED from AndroidManifest.xml:430:17
	android:name
		ADDED from AndroidManifest.xml:430:27
receiver#com.jgmoneymanager.tools.MyStartServiceReceiver
ADDED from AndroidManifest.xml:435:9
	android:process
		ADDED from AndroidManifest.xml:439:13
	android:exported
		ADDED from AndroidManifest.xml:438:13
	android:enabled
		ADDED from AndroidManifest.xml:437:13
	android:name
		ADDED from AndroidManifest.xml:436:13
intent-filter#android.intent.action.BOOT_COMPLETED+android.intent.action.PACKAGE_RESTARTED+android.intent.category.DEFAULT
ADDED from AndroidManifest.xml:440:13
action#android.intent.action.BOOT_COMPLETED
ADDED from AndroidManifest.xml:441:17
	android:name
		ADDED from AndroidManifest.xml:441:25
action#android.intent.action.PACKAGE_RESTARTED
ADDED from AndroidManifest.xml:442:17
	android:name
		ADDED from AndroidManifest.xml:442:25
provider#com.jgmoneymanager.database.MoneyManagerProvider
ADDED from AndroidManifest.xml:455:9
	android:authorities
		ADDED from AndroidManifest.xml:457:13
	android:name
		ADDED from AndroidManifest.xml:456:13
uses-sdk
INJECTED from AndroidManifest.xml:0:0 reason: use-sdk injection requested
MERGED from MoneyManager2:mmlibrary:unspecified:7:5
MERGED from com.android.support:appcompat-v7:19.1.0:18:5
	android:targetSdkVersion
		ADDED from MoneyManager2:mmlibrary:unspecified:9:9
	android:minSdkVersion
		INJECTED from AndroidManifest.xml:0:0
		INJECTED from AndroidManifest.xml:0:0